Index	Pattern Date	File (.xye)	Ewe [V]	MPT abs time	MPT elapsed [s]	dt (pattern - elchem) [s]	<imon>
1	2025-09-23_17:48:07	16_Ca_f00001.xye	1.401459	2025-09-23 17:48:07	4247.999895	-0.411895	6748882.000000
2	2025-09-23_17:58:53	16_Cb_f00001.xye	1.401975	2025-09-23 17:58:53	4893.999887	-0.411887	6779454.000000
3	2025-09-23_18:07:11	16_Ca_f00002.xye	1.402280	2025-09-23 18:07:11	5391.999881	-0.411881	6759437.000000
4	2025-09-23_18:15:26	16_Cb_f00002.xye	1.328761	2025-09-23 18:15:26	5886.615475	-0.027475	6732460.000000
5	2025-09-23_18:23:41	16_Ca_f00003.xye	1.283827	2025-09-23 18:23:36	6376.615469	4.972531	6766530.000000
6	2025-09-23_18:31:59	16_Cb_f00003.xye	1.250562	2025-09-23 18:31:56	6876.615463	2.972537	6741832.000000
7	2025-09-23_18:40:14	16_Ca_f00004.xye	1.266985	2025-09-23 18:40:16	7376.615457	-2.027457	6777586.000000
8	2025-09-23_18:48:35	16_Cb_f00004.xye	1.257761	2025-09-23 18:48:36	7876.615451	-1.027451	6752889.000000
9	2025-09-23_18:56:52	16_Ca_f00005.xye	1.218729	2025-09-23 18:56:56	8376.615445	-4.027445	6747394.000000
10	2025-09-23_19:05:08	16_Cb_f00005.xye	1.073274	2025-09-23 19:05:06	8866.615439	1.972561	6765035.000000
11	2025-09-23_19:13:23	16_Ca_f00006.xye	1.485070	2025-09-23 19:13:25	9365.977633	-2.389633	6743517.000000
12	2025-09-23_19:21:38	16_Cb_f00006.xye	1.486083	2025-09-23 19:21:35	9855.977627	2.610373	6772427.000000
13	2025-09-23_19:29:53	16_Ca_f00007.xye	1.391930	2025-09-23 19:29:49	10349.692198	3.895802	6756404.000000
14	2025-09-23_19:38:13	16_Cb_f00007.xye	1.338939	2025-09-23 19:38:00	10841.463386	12.124614	6755073.000000
15	2025-09-23_19:46:29	16_Ca_f00008.xye	1.338939	2025-09-23 19:38:00	10841.463386	508.124614	6763161.000000
16	2025-09-23_19:54:44	16_Cb_f00008.xye	1.338939	2025-09-23 19:38:00	10841.463386	1003.124614	6735701.000000
17	2025-09-23_20:02:59	16_Ca_f00009.xye	1.338939	2025-09-23 19:38:00	10841.463386	1498.124614	6773725.000000
18	2025-09-23_20:11:16	16_Cb_f00009.xye	1.381141	2025-09-23 20:32:17	14098.391704	-1261.803704	6744022.000000
19	2025-09-23_20:19:32	16_Ca_f00010.xye	1.381141	2025-09-23 20:32:17	14098.391704	-765.803704	6781847.000000
20	2025-09-23_20:27:52	16_Cb_f00010.xye	1.381141	2025-09-23 20:32:17	14098.391704	-265.803704	6754081.000000
21	2025-09-23_20:36:08	16_Ca_f00011.xye	1.333993	2025-09-23 20:36:07	14328.440098	0.147902	6738791.000000
22	2025-09-23_20:44:23	16_Cb_f00011.xye	1.328417	2025-09-23 20:44:27	14828.440091	-4.852091	6764984.000000
23	2025-09-23_20:52:38	16_Ca_f00012.xye	1.321599	2025-09-23 20:52:37	15318.440085	0.147915	6746755.000000
24	2025-09-23_21:00:53	16_Cb_f00012.xye	1.316157	2025-09-23 21:00:57	15818.440079	-4.852079	6773611.000000
25	2025-09-23_21:09:08	16_Ca_f00013.xye	1.312166	2025-09-23 21:09:07	16308.440073	0.147927	6755335.000000
26	2025-09-23_21:17:26	16_Cb_f00013.xye	1.307946	2025-09-23 21:17:27	16808.440067	-1.852067	6782146.000000
27	2025-09-23_21:25:41	16_Ca_f00014.xye	1.303343	2025-09-23 21:25:37	17298.440061	3.147939	6769373.000000
28	2025-09-23_21:33:59	16_Cb_f00014.xye	1.297806	2025-09-23 21:33:57	17798.440055	1.147945	6740416.000000
29	2025-09-23_21:42:20	16_Ca_f00015.xye	1.290969	2025-09-23 21:42:17	18298.440049	2.147951	6776977.000000
30	2025-09-23_21:50:40	16_Cb_f00015.xye	1.281899	2025-09-23 21:50:37	18798.440043	2.147957	6748026.000000
31	2025-09-23_21:58:56	16_Ca_f00016.xye	1.270040	2025-09-23 21:58:57	19298.440037	-1.852037	6782400.000000
32	2025-09-23_22:09:52	16_Cb_f00016.xye	1.246571	2025-09-23 22:09:47	19948.440029	4.147971	6755676.000000
33	2025-09-23_22:18:08	16_Ca_f00017.xye	1.218347	2025-09-23 22:18:07	20448.440023	0.147977	6787904.000000
34	2025-09-23_22:26:32	16_Cb_f00017.xye	1.169728	2025-09-23 22:26:27	20948.440017	4.147983	6759428.000000
35	2025-09-23_22:34:53	16_Ca_f00018.xye	1.087615	2025-09-23 22:34:57	21458.440011	-4.852011	6741606.000000
36	2025-09-23_22:43:11	16_Cb_f00018.xye	0.960836	2025-09-23 22:43:07	21948.440005	3.147995	6772412.000000
37	2025-09-23_22:51:26	16_Ca_f00019.xye	1.463874	2025-09-23 22:51:21	22441.922399	4.665601	6753978.000000
38	2025-09-23_22:59:44	16_Cb_f00019.xye	1.461811	2025-09-23 22:59:41	22941.922393	2.665607	6778913.000000
39	2025-09-23_23:08:02	16_Ca_f00020.xye	1.461124	2025-09-23 23:08:01	23441.922387	0.665613	6761655.000000
40	2025-09-23_23:16:17	16_Cb_f00020.xye	1.461124	2025-09-23 23:16:21	23941.922381	-4.334381	6736467.000000
41	2025-09-23_23:24:32	16_Ca_f00021.xye	1.461716	2025-09-23 23:24:31	24431.922375	0.665625	6771187.000000
42	2025-09-23_23:32:47	16_Cb_f00021.xye	1.462518	2025-09-23 23:32:51	24931.922369	-4.334369	6744039.000000
43	2025-09-23_23:41:05	16_Ca_f00022.xye	1.463263	2025-09-23 23:41:01	25421.922363	3.665637	6781668.000000
44	2025-09-23_23:49:23	16_Cb_f00022.xye	1.463950	2025-09-23 23:49:21	25921.922357	1.665643	6752528.000000
45	2025-09-23_23:57:39	16_Ca_f00023.xye	1.464409	2025-09-23 23:57:41	26421.922351	-2.334351	6790294.000000
46	2025-09-24_00:05:59	16_Cb_f00023.xye	1.464829	2025-09-24 00:06:01	26921.922345	-2.334345	6763345.000000
47	2025-09-24_00:14:17	16_Ca_f00024.xye	1.465096	2025-09-24 00:14:21	27421.922339	-4.334339	6748131.000000
48	2025-09-24_00:22:32	16_Cb_f00024.xye	1.465707	2025-09-24 00:22:31	27911.922333	0.665667	6776326.000000
49	2025-09-24_00:30:50	16_Ca_f00025.xye	1.466203	2025-09-24 00:30:51	28411.922327	-1.334327	6754986.000000
50	2025-09-24_00:39:05	16_Cb_f00025.xye	1.467025	2025-09-24 00:39:01	28901.922321	3.665679	6781879.000000
51	2025-09-24_00:47:20	16_Ca_f00026.xye	1.467922	2025-09-24 00:47:21	29401.922315	-1.334315	6761365.000000
52	2025-09-24_00:55:35	16_Cb_f00026.xye	1.468934	2025-09-24 00:55:31	29891.922309	3.665691	6736202.000000
53	2025-09-24_01:03:53	16_Ca_f00027.xye	1.470271	2025-09-24 01:03:51	30391.922303	1.665697	6771415.000000
54	2025-09-24_01:12:08	16_Cb_f00027.xye	1.471512	2025-09-24 01:12:11	30891.922297	-3.334297	6744211.000000
55	2025-09-24_01:20:23	16_Ca_f00028.xye	1.472792	2025-09-24 01:20:21	31381.922291	1.665709	6780989.000000
56	2025-09-24_01:28:38	16_Cb_f00028.xye	1.474529	2025-09-24 01:28:41	31881.922285	-3.334285	6755172.000000
57	2025-09-24_01:36:53	16_Ca_f00029.xye	1.476535	2025-09-24 01:36:51	32371.922279	1.665721	6753969.000000
58	2025-09-24_01:45:08	16_Cb_f00029.xye	1.479227	2025-09-24 01:45:11	32871.922273	-3.334273	6767740.000000
59	2025-09-24_01:53:23	16_Ca_f00030.xye	1.482301	2025-09-24 01:53:21	33361.922267	1.665733	6745662.000000
60	2025-09-24_02:01:38	16_Cb_f00030.xye	1.485796	2025-09-24 02:01:41	33861.922261	-3.334261	6776444.000000
61	2025-09-24_02:09:53	16_Ca_f00031.xye	1.488909	2025-09-24 02:09:51	34351.922255	1.665745	6759407.000000
62	2025-09-24_02:20:38	16_Cb_f00031.xye	1.493110	2025-09-24 02:20:41	35001.922247	-3.334247	6781172.000000
63	2025-09-24_02:28:53	16_Ca_f00032.xye	1.498018	2025-09-24 02:28:51	35491.922241	1.665759	6763742.000000
64	2025-09-24_02:37:11	16_Cb_f00032.xye	1.503766	2025-09-24 02:37:11	35991.922235	-0.334235	6788123.000000
65	2025-09-24_02:45:28	16_Ca_f00033.xye	1.509666	2025-09-24 02:45:31	36491.922229	-3.334229	6774977.000000
66	2025-09-24_02:53:44	16_Cb_f00033.xye	1.515204	2025-09-24 02:53:41	36981.922223	2.665777	6744354.000000
67	2025-09-24_03:02:02	16_Ca_f00034.xye	1.520398	2025-09-24 03:02:01	37481.922217	0.665783	6781915.000000
68	2025-09-24_03:10:20	16_Cb_f00034.xye	1.524485	2025-09-24 03:10:21	37981.922211	-1.334211	6754238.000000
69	2025-09-24_03:18:35	16_Ca_f00035.xye	1.527674	2025-09-24 03:18:31	38471.922205	3.665795	6790780.000000
70	2025-09-24_03:26:50	16_Cb_f00035.xye	1.530634	2025-09-24 03:26:51	38971.922199	-1.334199	6764551.000000
71	2025-09-24_03:35:05	16_Ca_f00036.xye	1.533154	2025-09-24 03:35:01	39461.922193	3.665807	6749560.000000
72	2025-09-24_03:43:23	16_Cb_f00036.xye	1.535370	2025-09-24 03:43:21	39961.922187	1.665813	6775498.000000
73	2025-09-24_03:51:38	16_Ca_f00037.xye	1.537527	2025-09-24 03:51:41	40461.922181	-3.334181	6754987.000000
74	2025-09-24_03:59:53	16_Cb_f00037.xye	1.539361	2025-09-24 03:59:51	40951.922175	1.665825	6784374.000000
75	2025-09-24_04:08:08	16_Ca_f00038.xye	1.541098	2025-09-24 04:08:11	41451.922169	-3.334169	6767643.000000
76	2025-09-24_04:16:23	16_Cb_f00038.xye	1.542512	2025-09-24 04:16:21	41941.922163	1.665837	6741386.000000
77	2025-09-24_04:24:41	16_Ca_f00039.xye	1.544211	2025-09-24 04:24:41	42441.922157	-0.334157	6764109.000000
78	2025-09-24_04:32:59	16_Cb_f00039.xye	1.545701	2025-09-24 04:33:01	42941.922151	-2.334151	6747791.000000
79	2025-09-24_04:41:14	16_Ca_f00040.xye	1.546808	2025-09-24 04:41:11	43431.922150	2.665850	6783508.000000
80	2025-09-24_04:49:29	16_Cb_f00040.xye	1.548374	2025-09-24 04:49:31	43931.922151	-2.334151	6755613.000000
81	2025-09-24_04:57:44	16_Ca_f00041.xye	1.549615	2025-09-24 04:57:41	44421.922152	2.665848	6794693.000000
82	2025-09-24_05:05:59	16_Cb_f00041.xye	1.550704	2025-09-24 05:06:01	44921.922153	-2.334153	6768756.000000
83	2025-09-24_05:14:14	16_Ca_f00042.xye	1.551850	2025-09-24 05:14:11	45411.922154	2.665846	6750414.000000
84	2025-09-24_05:22:32	16_Cb_f00042.xye	1.552938	2025-09-24 05:22:31	45911.922155	0.665845	6778960.000000
85	2025-09-24_05:30:47	16_Ca_f00043.xye	1.554046	2025-09-24 05:30:51	46411.922156	-4.334156	6759881.000000
86	2025-09-24_05:39:02	16_Cb_f00043.xye	1.554981	2025-09-24 05:39:01	46901.922157	0.665843	6785666.000000
87	2025-09-24_05:47:17	16_Ca_f00044.xye	1.555974	2025-09-24 05:47:21	47401.922158	-4.334158	6768990.000000
88	2025-09-24_05:55:32	16_Cb_f00044.xye	1.556910	2025-09-24 05:55:31	47891.922159	0.665841	6741427.000000
89	2025-09-24_06:03:47	16_Ca_f00045.xye	1.557998	2025-09-24 06:03:51	48391.922159	-4.334159	6777191.000000
90	2025-09-24_06:12:02	16_Cb_f00045.xye	1.558991	2025-09-24 06:12:01	48881.922160	0.665840	6750920.000000
91	2025-09-24_06:20:17	16_Ca_f00046.xye	1.560156	2025-09-24 06:20:21	49381.922161	-4.334161	6785709.000000
92	2025-09-24_06:30:59	16_Cb_f00046.xye	1.561417	2025-09-24 06:31:01	50021.922162	-2.334162	6755441.000000
93	2025-09-24_06:39:14	16_Ca_f00047.xye	1.562715	2025-09-24 06:39:11	50511.922163	2.665837	6791320.000000
94	2025-09-24_06:47:29	16_Cb_f00047.xye	1.563956	2025-09-24 06:47:31	51011.922164	-2.334164	6763003.000000
95	2025-09-24_06:55:44	16_Ca_f00048.xye	1.565408	2025-09-24 06:55:41	51501.922165	2.665835	6747573.000000
96	2025-09-24_07:04:02	16_Cb_f00048.xye	1.566744	2025-09-24 07:04:01	52001.922166	0.665834	6773259.000000
97	2025-09-24_07:12:17	16_Ca_f00049.xye	1.568329	2025-09-24 07:12:21	52501.922167	-4.334167	6754997.000000
98	2025-09-24_07:20:32	16_Cb_f00049.xye	1.569762	2025-09-24 07:20:31	52991.922168	0.665832	6785306.000000
99	2025-09-24_07:28:47	16_Ca_f00050.xye	1.571366	2025-09-24 07:28:51	53491.922169	-4.334169	6753550.000000
100	2025-09-24_07:37:05	16_Cb_f00050.xye	1.572855	2025-09-24 07:37:01	53981.922170	3.665830	6784229.000000
101	2025-09-24_07:45:23	16_Ca_f00051.xye	1.574650	2025-09-24 07:45:21	54481.922171	1.665829	6773390.000000
102	2025-09-24_07:53:38	16_Cb_f00051.xye	1.576293	2025-09-24 07:53:41	54981.922172	-3.334172	6747109.000000
103	2025-09-24_08:01:53	16_Ca_f00052.xye	1.578049	2025-09-24 08:01:51	55471.922173	1.665827	6785927.000000
104	2025-09-24_08:10:08	16_Cb_f00052.xye	1.580074	2025-09-24 08:10:11	55971.922174	-3.334174	6760262.000000
105	2025-09-24_08:18:23	16_Ca_f00053.xye	1.581849	2025-09-24 08:18:21	56461.922174	1.665826	6794797.000000
106	2025-09-24_08:26:38	16_Cb_f00053.xye	1.584103	2025-09-24 08:26:41	56961.922175	-3.334175	6769359.000000
107	2025-09-24_08:34:53	16_Ca_f00054.xye	1.586566	2025-09-24 08:34:51	57451.922176	1.665824	6755183.000000
108	2025-09-24_08:43:08	16_Cb_f00054.xye	1.589679	2025-09-24 08:43:11	57951.922177	-3.334177	6778823.000000
109	2025-09-24_08:51:23	16_Ca_f00055.xye	1.539658	2025-09-24 08:51:21	58441.922978	1.665022	6758577.000000
110	2025-09-24_08:59:38	16_Cb_f00055.xye	1.509142	2025-09-24 08:59:41	58941.922979	-3.334979	6788523.000000
111	2025-09-24_09:07:53	16_Ca_f00056.xye	1.488919	2025-09-24 09:07:51	59431.922980	1.665020	6768816.000000
112	2025-09-24_09:16:08	16_Cb_f00056.xye	1.473815	2025-09-24 09:16:11	59931.922981	-3.334981	6745025.000000
113	2025-09-24_09:24:28	16_Ca_f00057.xye	1.462624	2025-09-24 09:24:31	60431.922982	-3.334982	6779031.000000
114	2025-09-24_09:32:50	16_Cb_f00057.xye	1.453668	2025-09-24 09:32:51	60931.922983	-1.334983	6748029.000000
115	2025-09-24_09:41:08	16_Ca_f00058.xye	1.446774	2025-09-24 09:41:11	61431.922984	-3.334984	6784066.000000
116	2025-09-24_09:49:23	16_Cb_f00058.xye	1.441179	2025-09-24 09:49:21	61921.922985	1.665015	6757675.000000
117	2025-09-24_09:57:44	16_Ca_f00059.xye	1.436501	2025-09-24 09:57:41	62421.922986	2.665014	6793474.000000
118	2025-09-24_10:06:08	16_Cb_f00059.xye	1.432223	2025-09-24 10:06:11	62931.922987	-3.334987	6769066.000000
119	2025-09-24_10:14:26	16_Ca_f00060.xye	1.428347	2025-09-24 10:14:21	63421.922987	4.665013	6748829.000000
120	2025-09-24_10:22:41	16_Cb_f00060.xye	1.424871	2025-09-24 10:22:41	63921.922988	-0.334988	6775468.000000
121	2025-09-24_10:30:59	16_Ca_f00061.xye	1.421606	2025-09-24 10:31:01	64421.922989	-2.334989	6758943.000000
122	2025-09-24_10:41:46	16_Cb_f00061.xye	1.417385	2025-09-24 10:41:41	65061.922991	4.665009	6784153.000000
123	2025-09-24_10:50:04	16_Ca_f00062.xye	1.414082	2025-09-24 10:50:01	65561.922991	2.665009	6763608.000000
124	2025-09-24_10:58:20	16_Cb_f00062.xye	1.410606	2025-09-24 10:58:21	66061.922992	-1.334992	6789109.000000
125	2025-09-24_11:06:38	16_Ca_f00063.xye	1.407188	2025-09-24 11:06:41	66561.922993	-3.334993	6773350.000000
126	2025-09-24_11:14:56	16_Cb_f00063.xye	1.402891	2025-09-24 11:14:51	67051.922994	4.665006	6746357.000000
127	2025-09-24_11:23:11	16_Ca_f00064.xye	1.399301	2025-09-24 11:23:11	67551.922995	-0.334995	6783732.000000
128	2025-09-24_11:31:26	16_Cb_f00064.xye	1.395520	2025-09-24 11:31:21	68041.922996	4.665004	6754310.000000
129	2025-09-24_11:39:41	16_Ca_f00065.xye	1.391377	2025-09-24 11:39:41	68541.922997	-0.334997	6788636.000000
130	2025-09-24_11:47:59	16_Cb_f00065.xye	1.387214	2025-09-24 11:48:01	69041.922998	-2.334998	6764012.000000
131	2025-09-24_11:56:14	16_Ca_f00066.xye	1.382631	2025-09-24 11:56:11	69531.922999	2.665001	6746980.000000
132	2025-09-24_12:04:32	16_Cb_f00066.xye	1.377532	2025-09-24 12:04:31	70031.923000	0.665000	6774787.000000
133	2025-09-24_12:12:47	16_Ca_f00067.xye	1.372109	2025-09-24 12:12:51	70531.923001	-4.335001	6754208.000000
134	2025-09-24_12:21:02	16_Cb_f00067.xye	1.366017	2025-09-24 12:21:01	71021.923002	0.664998	6783138.000000
135	2025-09-24_12:29:20	16_Ca_f00068.xye	1.359257	2025-09-24 12:29:21	71521.923003	-1.335003	6766850.000000
136	2025-09-24_12:37:35	16_Cb_f00068.xye	1.351886	2025-09-24 12:37:31	72011.923003	3.664997	6789430.000000
137	2025-09-24_12:45:50	16_Ca_f00069.xye	1.342949	2025-09-24 12:45:51	72511.923004	-1.335004	6772991.000000
138	2025-09-24_12:54:05	16_Cb_f00069.xye	1.334222	2025-09-24 12:54:01	73001.923005	3.664995	6744729.000000
139	2025-09-24_13:02:20	16_Ca_f00070.xye	1.323471	2025-09-24 13:02:21	73501.923006	-1.335006	6786200.000000
140	2025-09-24_13:10:38	16_Cb_f00070.xye	1.312166	2025-09-24 13:10:41	74001.923007	-3.335007	6756578.000000
141	2025-09-24_13:18:59	16_Ca_f00071.xye	1.300555	2025-09-24 13:19:01	74501.923008	-2.335008	6794471.000000
142	2025-09-24_13:27:14	16_Cb_f00071.xye	1.289155	2025-09-24 13:27:11	74991.923009	2.664991	6763279.000000
143	2025-09-24_13:35:32	16_Ca_f00072.xye	1.298455	2025-09-24 13:35:31	75491.923010	0.664990	6748666.000000
144	2025-09-24_13:43:52	16_Cb_f00072.xye	1.314610	2025-09-24 13:43:51	75991.926369	0.661631	6774786.000000
145	2025-09-24_13:52:08	16_Ca_f00073.xye	1.321160	2025-09-24 13:52:11	76491.936251	-3.348251	6755514.000000
146	2025-09-24_14:00:23	16_Cb_f00073.xye	1.323624	2025-09-24 14:00:21	76981.945935	1.642065	6781811.000000
147	2025-09-24_14:08:38	16_Ca_f00074.xye	1.324273	2025-09-24 14:08:41	77481.955817	-3.367817	6767639.000000
148	2025-09-24_14:16:53	16_Cb_f00074.xye	1.324368	2025-09-24 14:16:51	77971.965501	1.622499	6753994.000000
149	2025-09-24_14:25:09	16_Ca_f00075.xye	1.324101	2025-09-24 14:25:11	78471.975383	-2.387383	6773892.000000
150	2025-09-24_14:33:30	16_Cb_f00075.xye	1.323566	2025-09-24 14:33:31	78971.985265	-1.397265	6749070.000000
151	2025-09-24_14:41:50	16_Ca_f00076.xye	1.323337	2025-09-24 14:41:51	79471.995146	-1.407146	6785012.000000
152	2025-09-24_14:52:31	16_Cb_f00076.xye	1.321848	2025-09-24 14:52:31	80112.007795	-0.419795	6753785.000000
153	2025-09-24_15:00:47	16_Ca_f00077.xye	1.321485	2025-09-24 15:00:51	80612.017677	-4.429677	6786572.000000
154	2025-09-24_15:09:08	16_Cb_f00077.xye	1.320855	2025-09-24 15:09:11	81112.027558	-3.439558	6761745.000000
155	2025-09-24_15:17:26	16_Ca_f00078.xye	1.320148	2025-09-24 15:17:21	81602.037242	4.550758	6795303.000000
156	2025-09-24_15:25:44	16_Cb_f00078.xye	1.319251	2025-09-24 15:25:41	82102.047124	2.540876	6769971.000000
157	2025-09-24_15:34:03	16_Ca_f00079.xye	1.318391	2025-09-24 15:34:01	82602.057006	1.530994	6752796.000000
158	2025-09-24_15:42:23	16_Cb_f00079.xye	1.317207	2025-09-24 15:42:21	83102.066888	1.521112	6776833.000000
159	2025-09-24_15:50:40	16_Ca_f00080.xye	1.316081	2025-09-24 15:50:41	83602.076769	-1.488769	6760748.000000
160	2025-09-24_15:58:58	16_Cb_f00080.xye	1.314706	2025-09-24 15:59:01	84102.086651	-3.498651	6785132.000000
161	2025-09-24_16:07:14	16_Ca_f00081.xye	1.313560	2025-09-24 16:07:11	84592.096335	2.491665	6767854.000000
162	2025-09-24_16:15:34	16_Cb_f00081.xye	1.311708	2025-09-24 16:15:31	85092.106217	2.481783	6741899.000000
163	2025-09-24_16:23:50	16_Ca_f00082.xye	1.309702	2025-09-24 16:23:51	85592.116099	-1.528099	6779460.000000
164	2025-09-24_16:32:09	16_Cb_f00082.xye	1.307755	2025-09-24 16:32:11	86092.125980	-2.537980	6749542.000000
165	2025-09-24_16:40:26	16_Ca_f00083.xye	1.305387	2025-09-24 16:40:21	86582.135664	4.452336	6784654.000000
166	2025-09-24_16:48:41	16_Cb_f00083.xye	1.302713	2025-09-24 16:48:41	87082.145546	-0.557546	6759551.000000
167	2025-09-24_16:57:02	16_Ca_f00084.xye	1.299811	2025-09-24 16:57:01	87582.155428	0.432572	6780257.000000
168	2025-09-24_17:05:17	16_Cb_f00084.xye	1.296278	2025-09-24 17:05:21	88082.165310	-4.577310	6768712.000000
169	2025-09-24_17:13:35	16_Ca_f00085.xye	1.292230	2025-09-24 17:13:31	88572.174994	3.413006	6751298.000000
170	2025-09-24_17:21:52	16_Cb_f00085.xye	1.287360	2025-09-24 17:21:51	89072.184875	0.403125	6780359.000000
171	2025-09-24_17:30:08	16_Ca_f00086.xye	1.281498	2025-09-24 17:30:11	89572.194757	-3.606757	6761309.000000
172	2025-09-24_17:38:23	16_Cb_f00086.xye	1.274298	2025-09-24 17:38:21	90062.204441	1.383559	6788347.000000
173	2025-09-24_17:46:40	16_Ca_f00087.xye	1.264960	2025-09-24 17:46:41	90562.214323	-1.626323	6769491.000000
174	2025-09-24_17:54:56	16_Cb_f00087.xye	1.252452	2025-09-24 17:54:51	91052.224007	4.363993	6747250.000000
175	2025-09-24_18:03:15	16_Ca_f00088.xye	1.234025	2025-09-24 18:03:11	91552.233889	3.354111	6778493.000000
176	2025-09-24_18:11:37	16_Cb_f00088.xye	1.227093	2025-09-24 18:11:41	92062.243968	-4.655968	6749126.000000
177	2025-09-24_18:19:53	16_Ca_f00089.xye	1.239983	2025-09-24 18:19:51	92552.253652	1.334348	6786795.000000
178	2025-09-24_18:28:13	16_Cb_f00089.xye	1.241759	2025-09-24 18:28:11	93052.263534	1.324466	6763506.000000
179	2025-09-24_18:36:31	16_Ca_f00090.xye	1.233414	2025-09-24 18:36:31	93552.273416	-0.685416	6744726.000000
180	2025-09-24_18:44:47	16_Cb_f00090.xye	1.208570	2025-09-24 18:44:51	94052.283297	-4.695297	6767138.000000
181	2025-09-24_18:53:08	16_Ca_f00091.xye	1.474235	2025-09-24 18:53:11	94551.927979	-3.339979	6751965.000000
182	2025-09-24_19:03:52	16_Cb_f00091.xye	1.469823	2025-09-24 19:03:51	95191.940628	0.647372	6772204.000000
183	2025-09-24_19:12:09	16_Ca_f00092.xye	1.468869	2025-09-24 19:12:11	95691.950510	-2.362510	6754230.000000
184	2025-09-24_19:20:26	16_Cb_f00092.xye	1.468659	2025-09-24 19:20:21	96181.960194	4.627806	6782004.000000
185	2025-09-24_19:28:42	16_Ca_f00093.xye	1.468296	2025-09-24 19:28:41	96681.970075	0.617925	6763008.000000
186	2025-09-24_19:36:59	16_Cb_f00093.xye	1.468086	2025-09-24 19:37:01	97181.979957	-2.391957	6769391.000000
187	2025-09-24_19:45:17	16_Ca_f00094.xye	1.467647	2025-09-24 19:45:21	97681.989839	-4.401839	6774693.000000
188	2025-09-24_19:53:42	16_Cb_f00094.xye	1.467169	2025-09-24 19:53:41	98181.999721	0.588279	6748324.000000
189	2025-09-24_20:01:59	16_Ca_f00095.xye	1.466749	2025-09-24 20:02:01	98682.009602	-2.421602	6785073.000000
190	2025-09-24_20:10:17	16_Cb_f00095.xye	1.466673	2025-09-24 20:10:21	99182.019484	-4.431484	6755327.000000
191	2025-09-24_20:18:38	16_Ca_f00096.xye	1.466654	2025-09-24 20:18:41	99682.029366	-3.441366	6790957.000000
192	2025-09-24_20:26:53	16_Cb_f00096.xye	1.466634	2025-09-24 20:26:51	100172.039050	1.548950	6768462.000000
193	2025-09-24_20:35:11	16_Ca_f00097.xye	1.466730	2025-09-24 20:35:11	100672.048932	-0.460932	6748137.000000
194	2025-09-24_20:43:29	16_Cb_f00097.xye	1.467054	2025-09-24 20:43:31	101172.058813	-2.470813	6774098.000000
195	2025-09-24_20:51:44	16_Ca_f00098.xye	1.467322	2025-09-24 20:51:41	101662.068497	2.519503	6755321.000000
196	2025-09-24_20:59:59	16_Cb_f00098.xye	1.467799	2025-09-24 21:00:01	102162.078379	-2.490379	6783467.000000
197	2025-09-24_21:08:17	16_Ca_f00099.xye	1.468181	2025-09-24 21:08:21	102662.088261	-4.500261	6764881.000000
198	2025-09-24_21:16:35	16_Cb_f00099.xye	1.468563	2025-09-24 21:16:31	103152.097945	3.490055	6738766.000000
199	2025-09-24_21:24:58	16_Ca_f00100.xye	1.468983	2025-09-24 21:25:01	103662.108024	-3.520024	6777561.000000
200	2025-09-24_21:33:17	16_Cb_f00100.xye	1.469632	2025-09-24 21:33:21	104162.117906	-4.529906	6748522.000000
201	2025-09-24_21:41:39	16_Ca_f00101.xye	1.470148	2025-09-24 21:41:41	104662.127788	-2.539788	6782972.000000
202	2025-09-24_21:50:00	16_Cb_f00101.xye	1.470854	2025-09-24 21:50:01	105162.137670	-1.549670	6755227.000000
203	2025-09-24_21:58:17	16_Ca_f00102.xye	1.471332	2025-09-24 21:58:21	105662.147551	-4.559551	6789114.000000
204	2025-09-24_22:06:37	16_Cb_f00102.xye	1.472230	2025-09-24 22:06:41	106162.157433	-4.569433	6763407.000000
205	2025-09-24_22:15:05	16_Ca_f00103.xye	1.472783	2025-09-24 22:15:01	106662.167315	3.420685	6745346.000000
206	2025-09-24_22:23:21	16_Cb_f00103.xye	1.473776	2025-09-24 22:23:21	107162.177196	-0.589196	6774045.000000
207	2025-09-24_22:31:38	16_Ca_f00104.xye	1.474884	2025-09-24 22:31:41	107662.187078	-3.599078	6755871.000000
208	2025-09-24_22:39:56	16_Cb_f00104.xye	1.476030	2025-09-24 22:39:51	108152.196762	4.391238	6781333.000000
209	2025-09-24_22:48:14	16_Ca_f00105.xye	1.477672	2025-09-24 22:48:11	108652.206644	2.381356	6761864.000000
210	2025-09-24_22:56:32	16_Cb_f00105.xye	1.479677	2025-09-24 22:56:31	109152.216526	0.371474	6737619.000000
211	2025-09-24_23:04:47	16_Ca_f00106.xye	1.481892	2025-09-24 23:04:51	109652.226407	-4.638407	6774084.000000
212	2025-09-24_23:15:35	16_Cb_f00106.xye	1.485444	2025-09-24 23:15:31	110292.239056	3.348944	6743109.000000
213	2025-09-24_23:23:52	16_Ca_f00107.xye	1.488576	2025-09-24 23:23:51	110792.248938	0.339062	6776552.000000
214	2025-09-24_23:32:09	16_Cb_f00107.xye	1.491669	2025-09-24 23:32:11	111292.258819	-2.670819	6747933.000000
215	2025-09-24_23:40:28	16_Ca_f00108.xye	1.495680	2025-09-24 23:40:31	111792.268701	-3.680701	6784569.000000
216	2025-09-24_23:48:44	16_Cb_f00108.xye	1.500434	2025-09-24 23:48:41	112282.278385	2.309615	6757671.000000
217	2025-09-24_23:57:01	16_Ca_f00109.xye	1.506106	2025-09-24 23:57:01	112782.288267	-0.700267	6777028.000000
218	2025-09-25_00:05:17	16_Cb_f00109.xye	1.512847	2025-09-25 00:05:21	113282.298149	-4.710149	6767849.000000
219	2025-09-25_00:13:34	16_Ca_f00110.xye	1.519359	2025-09-25 00:13:31	113772.307833	2.280167	6751553.000000
220	2025-09-25_00:21:50	16_Cb_f00110.xye	1.525240	2025-09-25 00:21:51	114272.317715	-1.729715	6779000.000000
221	2025-09-25_00:30:10	16_Ca_f00111.xye	1.530129	2025-09-25 00:30:11	114772.327596	-1.739596	6759612.000000
222	2025-09-25_00:38:26	16_Cb_f00111.xye	1.533853	2025-09-25 00:38:21	115262.337280	4.250720	6786710.000000
223	2025-09-25_00:46:43	16_Ca_f00112.xye	1.537175	2025-09-25 00:46:41	115762.347162	1.240838	6772088.000000
224	2025-09-25_00:54:59	16_Cb_f00112.xye	1.540422	2025-09-25 00:55:01	116262.357044	-2.769044	6744261.000000
225	2025-09-25_01:03:14	16_Ca_f00113.xye	1.543000	2025-09-25 01:03:11	116752.366728	2.221272	6781149.000000
226	2025-09-25_01:11:35	16_Cb_f00113.xye	1.545444	2025-09-25 01:11:31	117252.376610	3.211390	6753186.000000
227	2025-09-25_01:19:50	16_Ca_f00114.xye	1.547984	2025-09-25 01:19:51	117752.386491	-1.798491	6787390.000000
228	2025-09-25_01:28:08	16_Cb_f00114.xye	1.549817	2025-09-25 01:28:11	118252.396373	-3.808373	6760647.000000
229	2025-09-25_01:36:26	16_Ca_f00115.xye	1.551612	2025-09-25 01:36:21	118742.406057	4.181943	6744324.000000
230	2025-09-25_01:44:44	16_Cb_f00115.xye	1.553407	2025-09-25 01:44:41	119242.415939	2.172061	6769598.000000
231	2025-09-25_01:53:05	16_Ca_f00116.xye	1.555030	2025-09-25 01:53:01	119742.425821	3.162179	6752589.000000
232	2025-09-25_02:01:26	16_Cb_f00116.xye	1.556443	2025-09-25 02:01:21	120242.435702	4.152298	6778207.000000
233	2025-09-25_02:09:44	16_Ca_f00117.xye	1.557818	2025-09-25 02:09:41	120742.445584	2.142416	6759199.000000
234	2025-09-25_02:17:59	16_Cb_f00117.xye	1.559251	2025-09-25 02:18:01	121242.455466	-2.867466	6787183.000000
235	2025-09-25_02:26:14	16_Ca_f00118.xye	1.560587	2025-09-25 02:26:11	121732.465150	2.122850	6769334.000000
236	2025-09-25_02:34:35	16_Cb_f00118.xye	1.561752	2025-09-25 02:34:31	122232.475032	3.112968	6745199.000000
237	2025-09-25_02:42:53	16_Ca_f00119.xye	1.562917	2025-09-25 02:42:51	122732.484913	1.103087	6779146.000000
238	2025-09-25_02:51:11	16_Cb_f00119.xye	1.564330	2025-09-25 02:51:11	123232.494795	-0.906795	6752457.000000
239	2025-09-25_02:59:26	16_Ca_f00120.xye	1.565571	2025-09-25 02:59:21	123722.504479	4.083521	6787352.000000
240	2025-09-25_03:07:44	16_Cb_f00120.xye	1.566965	2025-09-25 03:07:41	124222.514361	2.073639	6760852.000000
241	2025-09-25_03:15:59	16_Ca_f00121.xye	1.568245	2025-09-25 03:16:01	124722.524243	-2.936243	6745365.000000
242	2025-09-25_03:26:41	16_Cb_f00121.xye	1.570040	2025-09-25 03:26:41	125362.536891	-0.948891	6767933.000000
243	2025-09-25_03:34:59	16_Ca_f00122.xye	1.571739	2025-09-25 03:35:01	125862.546773	-2.958773	6738714.000000
244	2025-09-25_03:43:17	16_Cb_f00122.xye	1.573191	2025-09-25 03:43:21	126362.556655	-4.968655	6772754.000000
245	2025-09-25_03:51:35	16_Ca_f00123.xye	1.574642	2025-09-25 03:51:31	126852.566339	3.021661	6753879.000000
246	2025-09-25_03:59:50	16_Cb_f00123.xye	1.576857	2025-09-25 03:59:51	127352.576221	-1.988221	6780897.000000
247	2025-09-25_04:08:08	16_Ca_f00124.xye	1.578919	2025-09-25 04:08:11	127852.586102	-3.998102	6763453.000000
248	2025-09-25_04:16:23	16_Cb_f00124.xye	1.581287	2025-09-25 04:16:22	128342.595786	0.992214	6734296.000000
249	2025-09-25_04:24:41	16_Ca_f00125.xye	1.584419	2025-09-25 04:24:42	128842.605668	-1.017668	6774080.000000
250	2025-09-25_04:32:59	16_Cb_f00125.xye	1.588009	2025-09-25 04:33:02	129342.615550	-3.027550	6744735.000000
251	2025-09-25_04:41:14	16_Ca_f00126.xye	1.592000	2025-09-25 04:41:12	129832.625234	1.962766	6779942.000000
252	2025-09-25_04:49:31	16_Cb_f00126.xye	1.553254	2025-09-25 04:49:31	130331.915916	-0.327916	6755536.000000
253	2025-09-25_04:57:47	16_Ca_f00127.xye	1.519321	2025-09-25 04:57:51	130831.925798	-4.337798	6788608.000000
254	2025-09-25_05:06:07	16_Cb_f00127.xye	1.495947	2025-09-25 05:06:11	131331.935679	-4.347679	6764656.000000
255	2025-09-25_05:14:23	16_Ca_f00128.xye	1.479601	2025-09-25 05:14:21	131821.945363	1.642637	6748884.000000
256	2025-09-25_05:22:38	16_Cb_f00128.xye	1.467341	2025-09-25 05:22:41	132321.955245	-3.367245	6773822.000000
257	2025-09-25_05:30:53	16_Ca_f00129.xye	1.458327	2025-09-25 05:30:51	132811.964929	1.623071	6756112.000000
258	2025-09-25_05:39:08	16_Cb_f00129.xye	1.451186	2025-09-25 05:39:11	133311.974811	-3.386811	6783314.000000
259	2025-09-25_05:47:23	16_Ca_f00130.xye	1.445419	2025-09-25 05:47:21	133801.984495	1.603505	6769467.000000
260	2025-09-25_05:55:41	16_Cb_f00130.xye	1.440377	2025-09-25 05:55:41	134301.994377	-0.406377	6738142.000000
261	2025-09-25_06:03:59	16_Ca_f00131.xye	1.436119	2025-09-25 06:04:01	134802.004258	-2.416258	6774624.000000
262	2025-09-25_06:12:14	16_Cb_f00131.xye	1.432395	2025-09-25 06:12:11	135292.013943	2.574057	6746506.000000
263	2025-09-25_06:20:32	16_Ca_f00132.xye	1.428881	2025-09-25 06:20:31	135792.023824	0.564176	6785847.000000
264	2025-09-25_06:28:50	16_Cb_f00132.xye	1.425081	2025-09-25 06:28:51	136292.033706	-1.445706	6757610.000000
265	2025-09-25_06:37:08	16_Ca_f00133.xye	1.421205	2025-09-25 06:37:11	136792.043588	-3.455588	6783077.000000
266	2025-09-25_06:45:26	16_Cb_f00133.xye	1.417080	2025-09-25 06:45:21	137282.053272	4.534728	6765028.000000
267	2025-09-25_06:53:41	16_Ca_f00134.xye	1.412554	2025-09-25 06:53:41	137782.063154	-0.475154	6751074.000000
268	2025-09-25_07:01:56	16_Cb_f00134.xye	1.407914	2025-09-25 07:01:51	138272.072838	4.515162	6775770.000000
269	2025-09-25_07:10:16	16_Ca_f00135.xye	1.403235	2025-09-25 07:10:11	138772.082719	4.505281	6758358.000000
270	2025-09-25_07:18:32	16_Cb_f00135.xye	1.398500	2025-09-25 07:18:31	139272.092601	0.495399	6784819.000000
271	2025-09-25_07:26:48	16_Ca_f00136.xye	1.393573	2025-09-25 07:26:51	139772.102483	-3.514483	6768216.000000
272	2025-09-25_07:37:32	16_Cb_f00136.xye	1.387175	2025-09-25 07:37:31	140412.115131	0.472869	6789469.000000
273	2025-09-25_07:45:48	16_Ca_f00137.xye	1.381275	2025-09-25 07:45:51	140912.125013	-3.537013	6767887.000000
274	2025-09-25_07:54:08	16_Cb_f00137.xye	1.374801	2025-09-25 07:54:11	141412.133718	-3.545718	6743092.000000
275	2025-09-25_08:02:26	16_Ca_f00138.xye	1.368060	2025-09-25 08:02:21	141902.133794	4.454206	6781531.000000
276	2025-09-25_08:10:41	16_Cb_f00138.xye	1.359181	2025-09-25 08:10:41	142402.133872	-0.545872	6753383.000000
277	2025-09-25_08:18:56	16_Ca_f00139.xye	1.349021	2025-09-25 08:18:51	142892.133949	4.454051	6790372.000000
278	2025-09-25_08:27:14	16_Cb_f00139.xye	1.336991	2025-09-25 08:27:11	143392.134027	2.453973	6761286.000000
279	2025-09-25_08:35:29	16_Ca_f00140.xye	1.324025	2025-09-25 08:35:31	143892.134106	-2.546106	6746683.000000
280	2025-09-25_08:43:47	16_Cb_f00140.xye	1.309951	2025-09-25 08:43:51	144392.134184	-4.546184	6767506.000000
281	2025-09-25_08:52:04	16_Ca_f00141.xye	1.295686	2025-09-25 08:52:01	144882.134261	2.453739	6751100.000000
282	2025-09-25_09:00:20	16_Cb_f00141.xye	1.280104	2025-09-25 09:00:21	145382.134339	-1.546339	6778375.000000
283	2025-09-25_09:08:35	16_Ca_f00142.xye	1.277144	2025-09-25 09:08:31	145872.134415	3.453585	6764203.000000
284	2025-09-25_09:16:55	16_Cb_f00142.xye	1.294655	2025-09-25 09:16:51	146372.134494	3.453506	6760125.000000
285	2025-09-25_09:25:11	16_Ca_f00143.xye	1.301587	2025-09-25 09:25:11	146872.134572	-0.546572	6769640.000000
286	2025-09-25_09:33:26	16_Cb_f00143.xye	1.303745	2025-09-25 09:33:21	147362.134649	4.453351	6745837.000000
287	2025-09-25_09:41:44	16_Ca_f00144.xye	1.303343	2025-09-25 09:41:41	147862.134727	2.453273	6779753.000000
288	2025-09-25_09:50:03	16_Cb_f00144.xye	1.302350	2025-09-25 09:50:01	148362.134805	1.453195	6754525.000000
289	2025-09-25_09:58:22	16_Ca_f00145.xye	1.300613	2025-09-25 09:58:21	148862.134883	0.453117	6788827.000000
290	2025-09-25_10:06:39	16_Cb_f00145.xye	1.298665	2025-09-25 10:06:41	149362.134961	-2.546961	6764154.000000
291	2025-09-25_10:14:56	16_Ca_f00146.xye	1.296469	2025-09-25 10:14:51	149852.135038	4.452962	6745110.000000
292	2025-09-25_10:23:11	16_Cb_f00146.xye	1.293585	2025-09-25 10:23:11	150352.135116	-0.547116	6768721.000000
293	2025-09-25_10:31:28	16_Ca_f00147.xye	1.289995	2025-09-25 10:31:31	150852.135195	-3.547195	6753112.000000
294	2025-09-25_10:39:47	16_Cb_f00147.xye	1.285832	2025-09-25 10:39:51	151352.135273	-4.547273	6777730.000000
295	2025-09-25_10:48:02	16_Ca_f00148.xye	1.281039	2025-09-25 10:48:01	151842.135349	0.452651	6761098.000000
296	2025-09-25_10:56:17	16_Cb_f00148.xye	1.274833	2025-09-25 10:56:21	152342.135428	-4.547428	6735775.000000
297	2025-09-25_11:04:35	16_Ca_f00149.xye	1.267080	2025-09-25 11:04:31	152832.135504	3.452496	6770197.000000
298	2025-09-25_11:12:50	16_Cb_f00149.xye	1.257265	2025-09-25 11:12:51	153332.135583	-1.547583	6744028.000000
299	2025-09-25_11:21:08	16_Ca_f00150.xye	1.243191	2025-09-25 11:21:11	153832.135661	-3.547661	6775348.000000
300	2025-09-25_11:29:23	16_Cb_f00150.xye	1.227341	2025-09-25 11:29:21	154322.135738	1.452262	6751021.000000
301	2025-09-25_11:37:38	16_Ca_f00151.xye	1.225126	2025-09-25 11:37:41	154822.135816	-3.547816	6785749.000000
302	2025-09-25_11:48:20	16_Cb_f00151.xye	1.221288	2025-09-25 11:48:21	155462.135916	-1.547916	6756359.000000
303	2025-09-25_11:56:37	16_Ca_f00152.xye	1.192262	2025-09-25 11:56:41	155962.135994	-4.547994	6735569.000000
304	2025-09-25_12:04:53	16_Cb_f00152.xye	1.110988	2025-09-25 12:04:51	156452.136071	1.451929	6763424.000000
305	2025-09-25_12:13:11	16_Ca_f00153.xye	1.022230	2025-09-25 12:13:11	156952.136149	-0.548149	6744219.000000
306	2025-09-25_12:21:26	16_Cb_f00153.xye	1.488718	2025-09-25 12:21:25	157445.865026	0.722974	6769557.000000
307	2025-09-25_12:29:46	16_Ca_f00154.xye	1.477069	2025-09-25 12:28:14	157855.280090	91.307910	6750298.000000
308	2025-09-25_12:38:04	16_Cb_f00154.xye	1.477069	2025-09-25 12:28:14	157855.280090	589.307910	6778165.000000
